<?xml version="1.0" encoding="UTF-8"?>
<testng-results ignored="0" total="2" passed="2" failed="0" skipped="0">
  <reporter-output>
  </reporter-output>
  <suite started-at="2025-03-07T14:24:44 WIB" name="Surefire suite" finished-at="2025-03-07T14:25:17 WIB" duration-ms="33366">
    <groups>
    </groups>
    <test started-at="2025-03-07T14:24:44 WIB" name="Surefire test" finished-at="2025-03-07T14:25:17 WIB" duration-ms="33366">
      <class name="automation.CheckoutTestNGImpl2Test">
        <test-method is-config="true" signature="setUp()[pri:0, instance:automation.CheckoutTestNGImpl2Test@6b4a4e18]" started-at="2025-03-07T14:24:44 WIB" name="setUp" finished-at="2025-03-07T14:24:47 WIB" duration-ms="2709" status="PASS">
          <reporter-output>
          </reporter-output>
        </test-method> <!-- setUp -->
        <test-method signature="createOrder(java.util.HashMap)[pri:0, instance:automation.CheckoutTestNGImpl2Test@6b4a4e18]" started-at="2025-03-07T14:24:47 WIB" name="createOrder" data-provider="dataTestMapping" finished-at="2025-03-07T14:25:01 WIB" duration-ms="14501" status="PASS">
          <params>
            <param index="0">
              <value>
                <![CDATA[{productName=Sauce Labs Bike Light, pw=secret_sauce, username=standard_user}]]>
              </value>
            </param>
          </params>
          <reporter-output>
          </reporter-output>
        </test-method> <!-- createOrder -->
        <test-method is-config="true" signature="tearsDown()[pri:0, instance:automation.CheckoutTestNGImpl2Test@6b4a4e18]" started-at="2025-03-07T14:25:01 WIB" name="tearsDown" finished-at="2025-03-07T14:25:01 WIB" duration-ms="172" status="PASS">
          <reporter-output>
          </reporter-output>
        </test-method> <!-- tearsDown -->
      </class> <!-- automation.CheckoutTestNGImpl2Test -->
      <class name="automation.CheckoutTestNGImplTest">
        <test-method is-config="true" signature="setUp()[pri:0, instance:automation.CheckoutTestNGImplTest@47542153]" started-at="2025-03-07T14:25:01 WIB" name="setUp" finished-at="2025-03-07T14:25:03 WIB" duration-ms="1802" status="PASS">
          <reporter-output>
          </reporter-output>
        </test-method> <!-- setUp -->
        <test-method signature="createOrder(java.util.HashMap)[pri:0, instance:automation.CheckoutTestNGImplTest@47542153]" started-at="2025-03-07T14:25:03 WIB" name="createOrder" data-provider="dataTestMapping" finished-at="2025-03-07T14:25:17 WIB" duration-ms="13987" status="PASS">
          <params>
            <param index="0">
              <value>
                <![CDATA[{productName=Sauce Labs Bike Light, pw=secret_sauce, username=standard_user}]]>
              </value>
            </param>
          </params>
          <reporter-output>
          </reporter-output>
        </test-method> <!-- createOrder -->
        <test-method is-config="true" signature="tearsDown()[pri:0, instance:automation.CheckoutTestNGImplTest@47542153]" started-at="2025-03-07T14:25:17 WIB" name="tearsDown" finished-at="2025-03-07T14:25:17 WIB" duration-ms="148" status="PASS">
          <reporter-output>
          </reporter-output>
        </test-method> <!-- tearsDown -->
      </class> <!-- automation.CheckoutTestNGImplTest -->
    </test> <!-- Surefire test -->
  </suite> <!-- Surefire suite -->
</testng-results>
