<?xml version="1.0" encoding="UTF-8"?>
<testsuite xmlns:xsi="http://www.w3.org/2001/XMLSchema-instance" xsi:noNamespaceSchemaLocation="https://maven.apache.org/surefire/maven-surefire-plugin/xsd/surefire-test-report.xsd" name="TestSuite" time="33.877" tests="2" errors="0" skipped="0" failures="0">
  <properties>
[...]
</properties>
  <testcase name="createOrder" classname="automation.CheckoutTestNGImpl2Test" time="14.499"/>
  <testcase name="createOrder" classname="automation.CheckoutTestNGImplTest" time="13.986"/>
</testsuite>