<?xml version="1.0" encoding="UTF-8"?>
<testsuite xmlns:xsi="http://www.w3.org/2001/XMLSchema-instance" xsi:noNamespaceSchemaLocation="https://maven.apache.org/surefire/maven-surefire-plugin/xsd/surefire-test-report.xsd" name="TestSuite" time="56.327" tests="9" errors="0" skipped="0" failures="3">
  <properties>
[...]
</properties>
  <testcase name="createOrder" classname="automation.CheckoutTestNGImpl2Test" time="13.921"/>
  <testcase name="runScenario" classname="runners.TestRunnerTestng$TestRunnerTestNg" time="10.488"/>
  <testcase name="runScenario" classname="runners.TestRunnerTestng$TestRunnerTestNg" time="3.187"/>
  <testcase name="runScenario" classname="runners.TestRunnerTestng$TestRunnerTestNg" time="3.413"/>
  <testcase name="runScenario" classname="runners.TestRunnerTestng$TestRunnerTestNg" time="9.431"/>
  <testcase name="runScenario" classname="runners.TestRunnerTestng$TestRunnerTestNg" time="2.972">
    <failure message="The step &apos;User fills in username standard_user and password  on the login form&apos; is undefined.&#10;You can implement this step using the snippet(s) below:&#10;&#10;@When(&quot;User fills in username standard_user and password  on the login form&quot;)&#10;public void user_fills_in_username_standard_user_and_password_on_the_login_form() {&#10;    // Write code here that turns the phrase above into concrete actions&#10;    throw new io.cucumber.java.PendingException();&#10;}&#10;" type="io.cucumber.testng.UndefinedStepException">io.cucumber.testng.UndefinedStepException: 
The step 'User fills in username standard_user and password  on the login form' is undefined.
You can implement this step using the snippet(s) below:

@When("User fills in username standard_user and password  on the login form")
public void user_fills_in_username_standard_user_and_password_on_the_login_form() {
    // Write code here that turns the phrase above into concrete actions
    throw new io.cucumber.java.PendingException();
}

</failure>
    <system-out><![CDATA[
Scenario Outline: Negative scenario to login ecommerce                                           &amp#27;[90m# src/test/resources/features/Login.feature:24&amp#27;[0m
Browser Name: msedge
  &amp#27;[32mGiven &amp#27;[0m&amp#27;[32mUser was landing on the website&amp#27;[0m                                                          &amp#27;[90m# stepdefinitions.StepDefinitionImpl.landingPage()&amp#27;[0m
  &amp#27;[33mWhen &amp#27;[0m&amp#27;[33mUser fills in username standard_user and password  on the login form&amp#27;[0m
  &amp#27;[36mThen &amp#27;[0m&amp#27;[36mUser will see error message is displayed in login page &amp#27;[0m&amp#27;[36m&amp#27;[1mEpic sadface: Password is required&amp#27;[0m &amp#27;[90m# stepdefinitions.StepDefinitionImpl.errorMessage(java.lang.String)&amp#27;[0m
]]></system-out>
    <system-err><![CDATA[Mar 19, 2025 4:19:11 PM org.openqa.selenium.devtools.CdpVersionFinder findNearestMatch
WARNING: Unable to find an exact match for CDP version 134, returning the closest version; found: 133; Please update to a Selenium version that supports CDP version 134
Mar 19, 2025 4:19:12 PM org.openqa.selenium.remote.http.WebSocket$Listener onError
WARNING: Connection reset
java.net.SocketException: Connection reset
	at java.base/sun.nio.ch.SocketChannelImpl.throwConnectionReset(SocketChannelImpl.java:403)
	at java.base/sun.nio.ch.SocketChannelImpl.implRead(SocketChannelImpl.java:435)
	at java.base/sun.nio.ch.SocketChannelImpl.read(SocketChannelImpl.java:493)
	at java.net.http/jdk.internal.net.http.SocketTube.readAvailable(SocketTube.java:1178)
	at java.net.http/jdk.internal.net.http.SocketTube$InternalReadPublisher$InternalReadSubscription.read(SocketTube.java:841)
	at java.net.http/jdk.internal.net.http.SocketTube$SocketFlowTask.run(SocketTube.java:181)
	at java.net.http/jdk.internal.net.http.common.SequentialScheduler$SchedulableTask.run(SequentialScheduler.java:207)
	at java.net.http/jdk.internal.net.http.common.SequentialScheduler.runOrSchedule(SequentialScheduler.java:280)
	at java.net.http/jdk.internal.net.http.common.SequentialScheduler.runOrSchedule(SequentialScheduler.java:233)
	at java.net.http/jdk.internal.net.http.SocketTube$InternalReadPublisher$InternalReadSubscription.signalReadable(SocketTube.java:782)
	at java.net.http/jdk.internal.net.http.SocketTube$InternalReadPublisher$ReadEvent.signalEvent(SocketTube.java:965)
	at java.net.http/jdk.internal.net.http.SocketTube$SocketFlowEvent.handle(SocketTube.java:253)
	at java.net.http/jdk.internal.net.http.HttpClientImpl$SelectorManager.handleEvent(HttpClientImpl.java:1478)
	at java.net.http/jdk.internal.net.http.HttpClientImpl$SelectorManager.lambda$run$3(HttpClientImpl.java:1423)
	at java.base/java.util.ArrayList.forEach(ArrayList.java:1597)
	at java.net.http/jdk.internal.net.http.HttpClientImpl$SelectorManager.run(HttpClientImpl.java:1423)

]]></system-err>
  </testcase>
  <testcase name="runScenario" classname="runners.TestRunnerTestng$TestRunnerTestNg" time="2.852">
    <failure message="The step &apos;User fills in username  and password secret_sauce on the login form&apos; is undefined.&#10;You can implement this step using the snippet(s) below:&#10;&#10;@When(&quot;User fills in username  and password secret_sauce on the login form&quot;)&#10;public void user_fills_in_username_and_password_secret_sauce_on_the_login_form() {&#10;    // Write code here that turns the phrase above into concrete actions&#10;    throw new io.cucumber.java.PendingException();&#10;}&#10;" type="io.cucumber.testng.UndefinedStepException">io.cucumber.testng.UndefinedStepException: 
The step 'User fills in username  and password secret_sauce on the login form' is undefined.
You can implement this step using the snippet(s) below:

@When("User fills in username  and password secret_sauce on the login form")
public void user_fills_in_username_and_password_secret_sauce_on_the_login_form() {
    // Write code here that turns the phrase above into concrete actions
    throw new io.cucumber.java.PendingException();
}

</failure>
    <system-out><![CDATA[
Scenario Outline: Negative scenario to login ecommerce                                           &amp#27;[90m# src/test/resources/features/Login.feature:25&amp#27;[0m
Browser Name: msedge
  &amp#27;[32mGiven &amp#27;[0m&amp#27;[32mUser was landing on the website&amp#27;[0m                                                          &amp#27;[90m# stepdefinitions.StepDefinitionImpl.landingPage()&amp#27;[0m
  &amp#27;[33mWhen &amp#27;[0m&amp#27;[33mUser fills in username  and password secret_sauce on the login form&amp#27;[0m
  &amp#27;[36mThen &amp#27;[0m&amp#27;[36mUser will see error message is displayed in login page &amp#27;[0m&amp#27;[36m&amp#27;[1mEpic sadface: Username is required&amp#27;[0m &amp#27;[90m# stepdefinitions.StepDefinitionImpl.errorMessage(java.lang.String)&amp#27;[0m
]]></system-out>
    <system-err><![CDATA[Mar 19, 2025 4:19:14 PM org.openqa.selenium.devtools.CdpVersionFinder findNearestMatch
WARNING: Unable to find an exact match for CDP version 134, returning the closest version; found: 133; Please update to a Selenium version that supports CDP version 134
Mar 19, 2025 4:19:15 PM org.openqa.selenium.remote.http.WebSocket$Listener onError
WARNING: Connection reset
java.net.SocketException: Connection reset
	at java.base/sun.nio.ch.SocketChannelImpl.throwConnectionReset(SocketChannelImpl.java:403)
	at java.base/sun.nio.ch.SocketChannelImpl.implRead(SocketChannelImpl.java:435)
	at java.base/sun.nio.ch.SocketChannelImpl.read(SocketChannelImpl.java:493)
	at java.net.http/jdk.internal.net.http.SocketTube.readAvailable(SocketTube.java:1178)
	at java.net.http/jdk.internal.net.http.SocketTube$InternalReadPublisher$InternalReadSubscription.read(SocketTube.java:841)
	at java.net.http/jdk.internal.net.http.SocketTube$SocketFlowTask.run(SocketTube.java:181)
	at java.net.http/jdk.internal.net.http.common.SequentialScheduler$SchedulableTask.run(SequentialScheduler.java:207)
	at java.net.http/jdk.internal.net.http.common.SequentialScheduler.runOrSchedule(SequentialScheduler.java:280)
	at java.net.http/jdk.internal.net.http.common.SequentialScheduler.runOrSchedule(SequentialScheduler.java:233)
	at java.net.http/jdk.internal.net.http.SocketTube$InternalReadPublisher$InternalReadSubscription.signalReadable(SocketTube.java:782)
	at java.net.http/jdk.internal.net.http.SocketTube$InternalReadPublisher$ReadEvent.signalEvent(SocketTube.java:965)
	at java.net.http/jdk.internal.net.http.SocketTube$SocketFlowEvent.handle(SocketTube.java:253)
	at java.net.http/jdk.internal.net.http.HttpClientImpl$SelectorManager.handleEvent(HttpClientImpl.java:1478)
	at java.net.http/jdk.internal.net.http.HttpClientImpl$SelectorManager.lambda$run$3(HttpClientImpl.java:1423)
	at java.base/java.util.ArrayList.forEach(ArrayList.java:1597)
	at java.net.http/jdk.internal.net.http.HttpClientImpl$SelectorManager.run(HttpClientImpl.java:1423)

]]></system-err>
  </testcase>
  <testcase name="runScenario" classname="runners.TestRunnerTestng$TestRunnerTestNg" time="2.924">
    <failure message="The step &apos;User fills in username  and password  on the login form&apos; is undefined.&#10;You can implement this step using the snippet(s) below:&#10;&#10;@When(&quot;User fills in username  and password  on the login form&quot;)&#10;public void user_fills_in_username_and_password_on_the_login_form() {&#10;    // Write code here that turns the phrase above into concrete actions&#10;    throw new io.cucumber.java.PendingException();&#10;}&#10;" type="io.cucumber.testng.UndefinedStepException">io.cucumber.testng.UndefinedStepException: 
The step 'User fills in username  and password  on the login form' is undefined.
You can implement this step using the snippet(s) below:

@When("User fills in username  and password  on the login form")
public void user_fills_in_username_and_password_on_the_login_form() {
    // Write code here that turns the phrase above into concrete actions
    throw new io.cucumber.java.PendingException();
}

</failure>
    <system-out><![CDATA[
Scenario Outline: Negative scenario to login ecommerce                                           &amp#27;[90m# src/test/resources/features/Login.feature:26&amp#27;[0m
Browser Name: msedge
  &amp#27;[32mGiven &amp#27;[0m&amp#27;[32mUser was landing on the website&amp#27;[0m                                                          &amp#27;[90m# stepdefinitions.StepDefinitionImpl.landingPage()&amp#27;[0m
  &amp#27;[33mWhen &amp#27;[0m&amp#27;[33mUser fills in username  and password  on the login form&amp#27;[0m
  &amp#27;[36mThen &amp#27;[0m&amp#27;[36mUser will see error message is displayed in login page &amp#27;[0m&amp#27;[36m&amp#27;[1mEpic sadface: Username is required&amp#27;[0m &amp#27;[90m# stepdefinitions.StepDefinitionImpl.errorMessage(java.lang.String)&amp#27;[0m
]]></system-out>
    <system-err><![CDATA[Mar 19, 2025 4:19:17 PM org.openqa.selenium.devtools.CdpVersionFinder findNearestMatch
WARNING: Unable to find an exact match for CDP version 134, returning the closest version; found: 133; Please update to a Selenium version that supports CDP version 134
Mar 19, 2025 4:19:18 PM org.openqa.selenium.remote.http.WebSocket$Listener onError
WARNING: Connection reset
java.net.SocketException: Connection reset
	at java.base/sun.nio.ch.SocketChannelImpl.throwConnectionReset(SocketChannelImpl.java:403)
	at java.base/sun.nio.ch.SocketChannelImpl.implRead(SocketChannelImpl.java:435)
	at java.base/sun.nio.ch.SocketChannelImpl.read(SocketChannelImpl.java:493)
	at java.net.http/jdk.internal.net.http.SocketTube.readAvailable(SocketTube.java:1178)
	at java.net.http/jdk.internal.net.http.SocketTube$InternalReadPublisher$InternalReadSubscription.read(SocketTube.java:841)
	at java.net.http/jdk.internal.net.http.SocketTube$SocketFlowTask.run(SocketTube.java:181)
	at java.net.http/jdk.internal.net.http.common.SequentialScheduler$SchedulableTask.run(SequentialScheduler.java:207)
	at java.net.http/jdk.internal.net.http.common.SequentialScheduler.runOrSchedule(SequentialScheduler.java:280)
	at java.net.http/jdk.internal.net.http.common.SequentialScheduler.runOrSchedule(SequentialScheduler.java:233)
	at java.net.http/jdk.internal.net.http.SocketTube$InternalReadPublisher$InternalReadSubscription.signalReadable(SocketTube.java:782)
	at java.net.http/jdk.internal.net.http.SocketTube$InternalReadPublisher$ReadEvent.signalEvent(SocketTube.java:965)
	at java.net.http/jdk.internal.net.http.SocketTube$SocketFlowEvent.handle(SocketTube.java:253)
	at java.net.http/jdk.internal.net.http.HttpClientImpl$SelectorManager.handleEvent(HttpClientImpl.java:1478)
	at java.net.http/jdk.internal.net.http.HttpClientImpl$SelectorManager.lambda$run$3(HttpClientImpl.java:1423)
	at java.base/java.util.ArrayList.forEach(ArrayList.java:1597)
	at java.net.http/jdk.internal.net.http.HttpClientImpl$SelectorManager.run(HttpClientImpl.java:1423)

]]></system-err>
  </testcase>
  <testcase name="createOrder" classname="automation.CheckoutTestNGImplTest" time="2.986"/>
</testsuite>